2025-06-08 23:43:17,164 - INFO - Starting similarity calculation
2025-06-08 23:43:17,294 - INFO - Database connection established
2025-06-08 23:43:17,403 - INFO - Retrieved 251 books
2025-06-08 23:43:18,132 - INFO - Calculated 1641 similarity pairs
2025-06-08 23:43:18,497 - INFO - Stored batch 1 of 2
2025-06-08 23:43:18,545 - INFO - Stored batch 2 of 2
2025-06-08 23:43:18,545 - INFO - Similarities stored in database
2025-06-08 23:43:18,545 - INFO - Process completed in 1.38 seconds
2025-06-08 23:45:07,895 - INFO - Starting similarity calculation
2025-06-08 23:45:07,977 - INFO - Database connection established
2025-06-08 23:45:08,021 - INFO - Retrieved 251 books
2025-06-08 23:45:08,530 - INFO - Calculated 1641 similarity pairs
2025-06-08 23:45:08,664 - INFO - Stored batch 1 of 2
2025-06-08 23:45:08,719 - INFO - Stored batch 2 of 2
2025-06-08 23:45:08,720 - INFO - Similarities stored in database
2025-06-08 23:45:08,721 - INFO - Process completed in 0.83 seconds
2025-06-08 23:48:12,162 - INFO - Starting similarity calculation
2025-06-08 23:48:12,246 - INFO - Database connection established
2025-06-08 23:48:12,278 - INFO - Retrieved 251 books
2025-06-08 23:48:12,842 - INFO - Calculated 2510 similarity pairs
2025-06-08 23:48:12,967 - INFO - Stored batch 1 of 3
2025-06-08 23:48:13,030 - INFO - Stored batch 2 of 3
2025-06-08 23:48:13,046 - INFO - Stored batch 3 of 3
2025-06-08 23:48:13,046 - INFO - Similarities stored in database
2025-06-08 23:48:13,046 - INFO - Process completed in 0.88 seconds
2025-06-11 00:27:57,343 - INFO - Starting similarity calculation
2025-06-11 00:27:57,548 - INFO - Database connection established
2025-06-11 00:27:57,686 - INFO - Retrieved 251 books
2025-06-11 00:27:58,360 - INFO - Calculated 2510 similarity pairs
2025-06-11 00:27:58,751 - INFO - Stored batch 1 of 3
2025-06-11 00:27:58,831 - INFO - Stored batch 2 of 3
2025-06-11 00:27:58,932 - INFO - Stored batch 3 of 3
2025-06-11 00:27:58,932 - INFO - Similarities stored in database
2025-06-11 00:27:58,932 - INFO - Process completed in 1.59 seconds
2025-06-11 00:34:13,191 - INFO - Starting similarity calculation
2025-06-11 00:34:13,286 - INFO - Database connection established
2025-06-11 00:34:13,337 - INFO - Retrieved 252 books
2025-06-11 00:34:13,982 - INFO - Calculated 2520 similarity pairs
2025-06-11 00:34:14,153 - INFO - Stored batch 1 of 3
2025-06-11 00:34:14,215 - INFO - Stored batch 2 of 3
2025-06-11 00:34:14,245 - INFO - Stored batch 3 of 3
2025-06-11 00:34:14,245 - INFO - Similarities stored in database
2025-06-11 00:34:14,246 - INFO - Process completed in 1.05 seconds
2025-06-11 00:37:31,030 - INFO - Starting similarity calculation
2025-06-11 00:37:31,132 - INFO - Database connection established
2025-06-11 00:37:31,180 - INFO - Retrieved 253 books
2025-06-11 00:37:32,118 - INFO - Calculated 2530 similarity pairs
2025-06-11 00:37:32,262 - INFO - Stored batch 1 of 3
2025-06-11 00:37:32,316 - INFO - Stored batch 2 of 3
2025-06-11 00:37:32,363 - INFO - Stored batch 3 of 3
2025-06-11 00:37:32,363 - INFO - Similarities stored in database
2025-06-11 00:37:32,363 - INFO - Process completed in 1.33 seconds
2025-06-11 00:48:38,141 - INFO - Starting similarity calculation
2025-06-11 00:48:38,305 - INFO - Database connection established
2025-06-11 00:48:38,414 - INFO - Retrieved 253 books
2025-06-11 00:48:38,492 - INFO - TF-IDF matrix shape: (253, 6629)
2025-06-11 00:48:38,492 - INFO - TF-IDF matrix: <Compressed Sparse Row sparse matrix of dtype 'float64'
	with 20794 stored elements and shape (253, 6629)>
  Coords	Values
  (0, 3879)	0.34637381073386375
  (0, 330)	0.14086108790487076
  (0, 5760)	0.1334102180391939
  (0, 6035)	0.15136249916709987
  (0, 6379)	0.12290880677696482
  (0, 565)	0.18092532623656424
  (0, 589)	0.1009640743805112
  (0, 4462)	0.1698623301003237
  (0, 1513)	0.14086108790487076
  (0, 4908)	0.15136249916709987
  (0, 5911)	0.09750565578338197
  (0, 2419)	0.14086108790487076
  (0, 404)	0.1009640743805112
  (0, 1545)	0.10967859324889881
  (0, 472)	0.1276308743768048
  (0, 4902)	0.15136249916709987
  (0, 3306)	0.18891022877365948
  (0, 2117)	0.1334102180391939
  (0, 3256)	0.08122490085876374
  (0, 1879)	0.08395370312460064
  (0, 2796)	0.12290880677696482
  (0, 3679)	0.09593549826901046
  (0, 1456)	0.11891635550841717
  (0, 2144)	0.08810652436037011
  (0, 1929)	0.11240739551473569
  :	:
  (252, 273)	0.33190512489632445
  (252, 1408)	0.21168464166772877
  (252, 3370)	0.09321772398929791
  (252, 542)	0.09321772398929791
  (252, 3553)	0.11681393339842253
  (252, 5662)	0.11681393339842253
  (252, 6426)	0.11063504163210815
  (252, 703)	0.09861550438773124
  (252, 2295)	0.11063504163210815
  (252, 4110)	0.11681393339842253
  (252, 4846)	0.11063504163210815
  (252, 2856)	0.10584232083386438
  (252, 5988)	0.12552259221982764
  (252, 6078)	0.12552259221982764
  (252, 5631)	0.12552259221982764
  (252, 1750)	0.12552259221982764
  (252, 361)	0.12552259221982764
  (252, 6622)	0.12552259221982764
  (252, 6570)	0.12552259221982764
  (252, 1842)	0.12552259221982764
  (252, 2225)	0.2510451844396553
  (252, 3809)	0.12552259221982764
  (252, 312)	0.12552259221982764
  (252, 289)	0.12552259221982764
  (252, 1028)	0.12552259221982764
2025-06-11 00:48:39,056 - INFO - Calculated 2530 similarity pairs
2025-06-11 00:48:39,305 - INFO - Stored batch 1 of 3
2025-06-11 00:48:39,371 - INFO - Stored batch 2 of 3
2025-06-11 00:48:39,400 - INFO - Stored batch 3 of 3
2025-06-11 00:48:39,400 - INFO - Similarities stored in database
2025-06-11 00:48:39,402 - INFO - Process completed in 1.27 seconds
